<?xml version="1.0" encoding="UTF-8"?>
<testsuite xmlns:xsi="http://www.w3.org/2001/XMLSchema-instance" xsi:noNamespaceSchemaLocation="https://maven.apache.org/surefire/maven-surefire-plugin/xsd/surefire-test-report-3.0.xsd" version="3.0" name="TestSuite" time="27.023" tests="1" errors="0" skipped="0" failures="1">
  <properties>
    <property name="gopherProxySet" value="false"/>
    <property name="awt.toolkit" value="sun.lwawt.macosx.LWCToolkit"/>
    <property name="file.encoding.pkg" value="sun.io"/>
    <property name="java.specification.version" value="1.8"/>
    <property name="sun.cpu.isalist" value=""/>
    <property name="sun.jnu.encoding" value="UTF-8"/>
    <property name="java.class.path" value="/Users/ievgeniiagaidarenko/EngagingNetworks/Automation/ENSeleniumJenkins/target/test-classes:/Users/ievgeniiagaidarenko/EngagingNetworks/Automation/ENSeleniumJenkins/target/classes:/Users/ievgeniiagaidarenko/.m2/repository/org/seleniumhq/selenium/selenium-java/3.4.0/selenium-java-3.4.0.jar:/Users/ievgeniiagaidarenko/.m2/repository/org/seleniumhq/selenium/selenium-api/3.4.0/selenium-api-3.4.0.jar:/Users/ievgeniiagaidarenko/.m2/repository/org/seleniumhq/selenium/selenium-chrome-driver/3.4.0/selenium-chrome-driver-3.4.0.jar:/Users/ievgeniiagaidarenko/.m2/repository/org/seleniumhq/selenium/selenium-edge-driver/3.4.0/selenium-edge-driver-3.4.0.jar:/Users/ievgeniiagaidarenko/.m2/repository/org/seleniumhq/selenium/selenium-ie-driver/3.4.0/selenium-ie-driver-3.4.0.jar:/Users/ievgeniiagaidarenko/.m2/repository/org/seleniumhq/selenium/selenium-opera-driver/3.4.0/selenium-opera-driver-3.4.0.jar:/Users/ievgeniiagaidarenko/.m2/repository/org/seleniumhq/selenium/selenium-remote-driver/3.4.0/selenium-remote-driver-3.4.0.jar:/Users/ievgeniiagaidarenko/.m2/repository/org/seleniumhq/selenium/selenium-safari-driver/3.4.0/selenium-safari-driver-3.4.0.jar:/Users/ievgeniiagaidarenko/.m2/repository/org/seleniumhq/selenium/selenium-support/3.4.0/selenium-support-3.4.0.jar:/Users/ievgeniiagaidarenko/.m2/repository/cglib/cglib-nodep/3.2.4/cglib-nodep-3.2.4.jar:/Users/ievgeniiagaidarenko/.m2/repository/org/apache/commons/commons-exec/1.3/commons-exec-1.3.jar:/Users/ievgeniiagaidarenko/.m2/repository/org/apache/commons/commons-lang3/3.5/commons-lang3-3.5.jar:/Users/ievgeniiagaidarenko/.m2/repository/commons-codec/commons-codec/1.10/commons-codec-1.10.jar:/Users/ievgeniiagaidarenko/.m2/repository/commons-io/commons-io/2.5/commons-io-2.5.jar:/Users/ievgeniiagaidarenko/.m2/repository/commons-logging/commons-logging/1.2/commons-logging-1.2.jar:/Users/ievgeniiagaidarenko/.m2/repository/org/w3c/css/sac/1.3/sac-1.3.jar:/Users/ievgeniiagaidarenko/.m2/repository/net/sourceforge/cssparser/cssparser/0.9.22/cssparser-0.9.22.jar:/Users/ievgeniiagaidarenko/.m2/repository/com/google/code/gson/gson/2.8.0/gson-2.8.0.jar:/Users/ievgeniiagaidarenko/.m2/repository/com/google/guava/guava/21.0/guava-21.0.jar:/Users/ievgeniiagaidarenko/.m2/repository/org/hamcrest/hamcrest-core/1.3/hamcrest-core-1.3.jar:/Users/ievgeniiagaidarenko/.m2/repository/net/sourceforge/htmlunit/htmlunit/2.26/htmlunit-2.26.jar:/Users/ievgeniiagaidarenko/.m2/repository/net/sourceforge/htmlunit/htmlunit-core-js/2.26/htmlunit-core-js-2.26.jar:/Users/ievgeniiagaidarenko/.m2/repository/net/sourceforge/htmlunit/neko-htmlunit/2.25/neko-htmlunit-2.25.jar:/Users/ievgeniiagaidarenko/.m2/repository/org/apache/httpcomponents/httpclient/4.5.3/httpclient-4.5.3.jar:/Users/ievgeniiagaidarenko/.m2/repository/org/apache/httpcomponents/httpcore/4.4.6/httpcore-4.4.6.jar:/Users/ievgeniiagaidarenko/.m2/repository/org/apache/httpcomponents/httpmime/4.5.3/httpmime-4.5.3.jar:/Users/ievgeniiagaidarenko/.m2/repository/org/eclipse/jetty/jetty-io/9.4.1.v20170120/jetty-io-9.4.1.v20170120.jar:/Users/ievgeniiagaidarenko/.m2/repository/org/eclipse/jetty/jetty-util/9.4.1.v20170120/jetty-util-9.4.1.v20170120.jar:/Users/ievgeniiagaidarenko/.m2/repository/net/java/dev/jna/jna/4.1.0/jna-4.1.0.jar:/Users/ievgeniiagaidarenko/.m2/repository/net/java/dev/jna/jna-platform/4.1.0/jna-platform-4.1.0.jar:/Users/ievgeniiagaidarenko/.m2/repository/junit/junit/4.12/junit-4.12.jar:/Users/ievgeniiagaidarenko/.m2/repository/com/codeborne/phantomjsdriver/1.4.0/phantomjsdriver-1.4.0.jar:/Users/ievgeniiagaidarenko/.m2/repository/org/seleniumhq/selenium/htmlunit-driver/2.26/htmlunit-driver-2.26.jar:/Users/ievgeniiagaidarenko/.m2/repository/javax/servlet/javax.servlet-api/3.1.0/javax.servlet-api-3.1.0.jar:/Users/ievgeniiagaidarenko/.m2/repository/org/eclipse/jetty/websocket/websocket-api/9.4.3.v20170317/websocket-api-9.4.3.v20170317.jar:/Users/ievgeniiagaidarenko/.m2/repository/org/eclipse/jetty/websocket/websocket-client/9.4.3.v20170317/websocket-client-9.4.3.v20170317.jar:/Users/ievgeniiagaidarenko/.m2/repository/org/eclipse/jetty/jetty-client/9.4.3.v20170317/jetty-client-9.4.3.v20170317.jar:/Users/ievgeniiagaidarenko/.m2/repository/org/eclipse/jetty/jetty-http/9.4.3.v20170317/jetty-http-9.4.3.v20170317.jar:/Users/ievgeniiagaidarenko/.m2/repository/org/eclipse/jetty/websocket/websocket-common/9.4.3.v20170317/websocket-common-9.4.3.v20170317.jar:/Users/ievgeniiagaidarenko/.m2/repository/xalan/serializer/2.7.2/serializer-2.7.2.jar:/Users/ievgeniiagaidarenko/.m2/repository/xalan/xalan/2.7.2/xalan-2.7.2.jar:/Users/ievgeniiagaidarenko/.m2/repository/xerces/xercesImpl/2.11.0/xercesImpl-2.11.0.jar:/Users/ievgeniiagaidarenko/.m2/repository/xml-apis/xml-apis/1.4.01/xml-apis-1.4.01.jar:/Users/ievgeniiagaidarenko/.m2/repository/org/seleniumhq/selenium/selenium-firefox-driver/3.4.0/selenium-firefox-driver-3.4.0.jar:/Users/ievgeniiagaidarenko/.m2/repository/joda-time/joda-time/2.9.9/joda-time-2.9.9.jar:/Users/ievgeniiagaidarenko/.m2/repository/com/fasterxml/jackson/core/jackson-databind/2.9.8/jackson-databind-2.9.8.jar:/Users/ievgeniiagaidarenko/.m2/repository/com/fasterxml/jackson/core/jackson-annotations/2.9.0/jackson-annotations-2.9.0.jar:/Users/ievgeniiagaidarenko/.m2/repository/com/fasterxml/jackson/core/jackson-core/2.9.8/jackson-core-2.9.8.jar:/Users/ievgeniiagaidarenko/.m2/repository/org/testng/testng/7.0.0/testng-7.0.0.jar:/Users/ievgeniiagaidarenko/.m2/repository/com/beust/jcommander/1.72/jcommander-1.72.jar:/Users/ievgeniiagaidarenko/.m2/repository/com/crossbrowsertesting/CBT_Helper/1.0.0/CBT_Helper-1.0.0.jar:/Users/ievgeniiagaidarenko/.m2/repository/org/json/json/20180130/json-20180130.jar:/Users/ievgeniiagaidarenko/.m2/repository/com/mashape/unirest/unirest-java/1.4.9/unirest-java-1.4.9.jar:/Users/ievgeniiagaidarenko/.m2/repository/org/apache/httpcomponents/httpasyncclient/4.1.1/httpasyncclient-4.1.1.jar:/Users/ievgeniiagaidarenko/.m2/repository/org/apache/httpcomponents/httpcore-nio/4.4.4/httpcore-nio-4.4.4.jar:/Users/ievgeniiagaidarenko/.m2/repository/org/jacoco/jacoco-maven-plugin/0.8.5/jacoco-maven-plugin-0.8.5.jar:/Users/ievgeniiagaidarenko/.m2/repository/org/apache/maven/maven-plugin-api/3.0/maven-plugin-api-3.0.jar:/Users/ievgeniiagaidarenko/.m2/repository/org/apache/maven/maven-model/3.0/maven-model-3.0.jar:/Users/ievgeniiagaidarenko/.m2/repository/org/apache/maven/maven-artifact/3.0/maven-artifact-3.0.jar:/Users/ievgeniiagaidarenko/.m2/repository/org/sonatype/sisu/sisu-inject-plexus/1.4.2/sisu-inject-plexus-1.4.2.jar:/Users/ievgeniiagaidarenko/.m2/repository/org/sonatype/sisu/sisu-inject-bean/1.4.2/sisu-inject-bean-1.4.2.jar:/Users/ievgeniiagaidarenko/.m2/repository/org/sonatype/sisu/sisu-guice/2.1.7/sisu-guice-2.1.7-noaop.jar:/Users/ievgeniiagaidarenko/.m2/repository/org/apache/maven/maven-core/3.0/maven-core-3.0.jar:/Users/ievgeniiagaidarenko/.m2/repository/org/apache/maven/maven-settings/3.0/maven-settings-3.0.jar:/Users/ievgeniiagaidarenko/.m2/repository/org/apache/maven/maven-settings-builder/3.0/maven-settings-builder-3.0.jar:/Users/ievgeniiagaidarenko/.m2/repository/org/apache/maven/maven-repository-metadata/3.0/maven-repository-metadata-3.0.jar:/Users/ievgeniiagaidarenko/.m2/repository/org/apache/maven/maven-model-builder/3.0/maven-model-builder-3.0.jar:/Users/ievgeniiagaidarenko/.m2/repository/org/apache/maven/maven-aether-provider/3.0/maven-aether-provider-3.0.jar:/Users/ievgeniiagaidarenko/.m2/repository/org/sonatype/aether/aether-impl/1.7/aether-impl-1.7.jar:/Users/ievgeniiagaidarenko/.m2/repository/org/sonatype/aether/aether-spi/1.7/aether-spi-1.7.jar:/Users/ievgeniiagaidarenko/.m2/repository/org/sonatype/aether/aether-api/1.7/aether-api-1.7.jar:/Users/ievgeniiagaidarenko/.m2/repository/org/sonatype/aether/aether-util/1.7/aether-util-1.7.jar:/Users/ievgeniiagaidarenko/.m2/repository/org/codehaus/plexus/plexus-interpolation/1.14/plexus-interpolation-1.14.jar:/Users/ievgeniiagaidarenko/.m2/repository/org/codehaus/plexus/plexus-classworlds/2.2.3/plexus-classworlds-2.2.3.jar:/Users/ievgeniiagaidarenko/.m2/repository/org/codehaus/plexus/plexus-component-annotations/1.5.5/plexus-component-annotations-1.5.5.jar:/Users/ievgeniiagaidarenko/.m2/repository/org/sonatype/plexus/plexus-sec-dispatcher/1.3/plexus-sec-dispatcher-1.3.jar:/Users/ievgeniiagaidarenko/.m2/repository/org/sonatype/plexus/plexus-cipher/1.4/plexus-cipher-1.4.jar:/Users/ievgeniiagaidarenko/.m2/repository/org/codehaus/plexus/plexus-utils/3.0.22/plexus-utils-3.0.22.jar:/Users/ievgeniiagaidarenko/.m2/repository/org/apache/maven/shared/file-management/1.2.1/file-management-1.2.1.jar:/Users/ievgeniiagaidarenko/.m2/repository/org/apache/maven/shared/maven-shared-io/1.1/maven-shared-io-1.1.jar:/Users/ievgeniiagaidarenko/.m2/repository/org/apache/maven/maven-artifact-manager/2.0.2/maven-artifact-manager-2.0.2.jar:/Users/ievgeniiagaidarenko/.m2/repository/org/apache/maven/wagon/wagon-provider-api/1.0-alpha-6/wagon-provider-api-1.0-alpha-6.jar:/Users/ievgeniiagaidarenko/.m2/repository/org/codehaus/plexus/plexus-container-default/1.0-alpha-9/plexus-container-default-1.0-alpha-9.jar:/Users/ievgeniiagaidarenko/.m2/repository/classworlds/classworlds/1.1-alpha-2/classworlds-1.1-alpha-2.jar:/Users/ievgeniiagaidarenko/.m2/repository/org/apache/maven/reporting/maven-reporting-api/3.0/maven-reporting-api-3.0.jar:/Users/ievgeniiagaidarenko/.m2/repository/org/apache/maven/doxia/doxia-sink-api/1.0/doxia-sink-api-1.0.jar:/Users/ievgeniiagaidarenko/.m2/repository/org/apache/maven/reporting/maven-reporting-impl/2.1/maven-reporting-impl-2.1.jar:/Users/ievgeniiagaidarenko/.m2/repository/org/apache/maven/maven-project/2.0.10/maven-project-2.0.10.jar:/Users/ievgeniiagaidarenko/.m2/repository/org/apache/maven/maven-profile/2.0.10/maven-profile-2.0.10.jar:/Users/ievgeniiagaidarenko/.m2/repository/org/apache/maven/maven-plugin-registry/2.0.10/maven-plugin-registry-2.0.10.jar:/Users/ievgeniiagaidarenko/.m2/repository/org/apache/maven/doxia/doxia-core/1.1.2/doxia-core-1.1.2.jar:/Users/ievgeniiagaidarenko/.m2/repository/org/apache/maven/doxia/doxia-logging-api/1.1.2/doxia-logging-api-1.1.2.jar:/Users/ievgeniiagaidarenko/.m2/repository/commons-lang/commons-lang/2.4/commons-lang-2.4.jar:/Users/ievgeniiagaidarenko/.m2/repository/commons-httpclient/commons-httpclient/3.1/commons-httpclient-3.1.jar:/Users/ievgeniiagaidarenko/.m2/repository/org/apache/maven/doxia/doxia-site-renderer/1.1.2/doxia-site-renderer-1.1.2.jar:/Users/ievgeniiagaidarenko/.m2/repository/org/apache/maven/doxia/doxia-decoration-model/1.1.2/doxia-decoration-model-1.1.2.jar:/Users/ievgeniiagaidarenko/.m2/repository/org/apache/maven/doxia/doxia-module-xhtml/1.1.2/doxia-module-xhtml-1.1.2.jar:/Users/ievgeniiagaidarenko/.m2/repository/org/apache/maven/doxia/doxia-module-fml/1.1.2/doxia-module-fml-1.1.2.jar:/Users/ievgeniiagaidarenko/.m2/repository/org/codehaus/plexus/plexus-i18n/1.0-beta-7/plexus-i18n-1.0-beta-7.jar:/Users/ievgeniiagaidarenko/.m2/repository/org/codehaus/plexus/plexus-velocity/1.1.7/plexus-velocity-1.1.7.jar:/Users/ievgeniiagaidarenko/.m2/repository/org/apache/velocity/velocity/1.5/velocity-1.5.jar:/Users/ievgeniiagaidarenko/.m2/repository/commons-collections/commons-collections/3.2/commons-collections-3.2.jar:/Users/ievgeniiagaidarenko/.m2/repository/commons-validator/commons-validator/1.2.0/commons-validator-1.2.0.jar:/Users/ievgeniiagaidarenko/.m2/repository/commons-beanutils/commons-beanutils/1.7.0/commons-beanutils-1.7.0.jar:/Users/ievgeniiagaidarenko/.m2/repository/commons-digester/commons-digester/1.6/commons-digester-1.6.jar:/Users/ievgeniiagaidarenko/.m2/repository/oro/oro/2.0.8/oro-2.0.8.jar:/Users/ievgeniiagaidarenko/.m2/repository/org/jacoco/org.jacoco.agent/0.8.5/org.jacoco.agent-0.8.5-runtime.jar:/Users/ievgeniiagaidarenko/.m2/repository/org/jacoco/org.jacoco.core/0.8.5/org.jacoco.core-0.8.5.jar:/Users/ievgeniiagaidarenko/.m2/repository/org/ow2/asm/asm/7.2/asm-7.2.jar:/Users/ievgeniiagaidarenko/.m2/repository/org/ow2/asm/asm-commons/7.2/asm-commons-7.2.jar:/Users/ievgeniiagaidarenko/.m2/repository/org/ow2/asm/asm-analysis/7.2/asm-analysis-7.2.jar:/Users/ievgeniiagaidarenko/.m2/repository/org/ow2/asm/asm-tree/7.2/asm-tree-7.2.jar:/Users/ievgeniiagaidarenko/.m2/repository/org/jacoco/org.jacoco.report/0.8.5/org.jacoco.report-0.8.5.jar:"/>
    <property name="java.vm.vendor" value="Oracle Corporation"/>
    <property name="sun.arch.data.model" value="64"/>
    <property name="java.vendor.url" value="http://java.oracle.com/"/>
    <property name="user.timezone" value=""/>
    <property name="java.vm.specification.version" value="1.8"/>
    <property name="os.name" value="Mac OS X"/>
    <property name="user.country" value="US"/>
    <property name="sun.java.launcher" value="SUN_STANDARD"/>
    <property name="sun.boot.library.path" value="/Library/Java/JavaVirtualMachines/jdk1.8.0_221.jdk/Contents/Home/jre/lib"/>
    <property name="sun.java.command" value="/Users/ievgeniiagaidarenko/EngagingNetworks/Automation/ENSeleniumJenkins/target/surefire/surefirebooter5160598897261500914.jar /Users/ievgeniiagaidarenko/EngagingNetworks/Automation/ENSeleniumJenkins/target/surefire 2019-12-17T19-13-07_308-jvmRun1 surefire2169187080147594606tmp surefire_05406598319168087012tmp"/>
    <property name="http.nonProxyHosts" value="local|*.local|169.254/16|*.169.254/16"/>
    <property name="surefire.test.class.path" value="/Users/ievgeniiagaidarenko/EngagingNetworks/Automation/ENSeleniumJenkins/target/test-classes:/Users/ievgeniiagaidarenko/EngagingNetworks/Automation/ENSeleniumJenkins/target/classes:/Users/ievgeniiagaidarenko/.m2/repository/org/seleniumhq/selenium/selenium-java/3.4.0/selenium-java-3.4.0.jar:/Users/ievgeniiagaidarenko/.m2/repository/org/seleniumhq/selenium/selenium-api/3.4.0/selenium-api-3.4.0.jar:/Users/ievgeniiagaidarenko/.m2/repository/org/seleniumhq/selenium/selenium-chrome-driver/3.4.0/selenium-chrome-driver-3.4.0.jar:/Users/ievgeniiagaidarenko/.m2/repository/org/seleniumhq/selenium/selenium-edge-driver/3.4.0/selenium-edge-driver-3.4.0.jar:/Users/ievgeniiagaidarenko/.m2/repository/org/seleniumhq/selenium/selenium-ie-driver/3.4.0/selenium-ie-driver-3.4.0.jar:/Users/ievgeniiagaidarenko/.m2/repository/org/seleniumhq/selenium/selenium-opera-driver/3.4.0/selenium-opera-driver-3.4.0.jar:/Users/ievgeniiagaidarenko/.m2/repository/org/seleniumhq/selenium/selenium-remote-driver/3.4.0/selenium-remote-driver-3.4.0.jar:/Users/ievgeniiagaidarenko/.m2/repository/org/seleniumhq/selenium/selenium-safari-driver/3.4.0/selenium-safari-driver-3.4.0.jar:/Users/ievgeniiagaidarenko/.m2/repository/org/seleniumhq/selenium/selenium-support/3.4.0/selenium-support-3.4.0.jar:/Users/ievgeniiagaidarenko/.m2/repository/cglib/cglib-nodep/3.2.4/cglib-nodep-3.2.4.jar:/Users/ievgeniiagaidarenko/.m2/repository/org/apache/commons/commons-exec/1.3/commons-exec-1.3.jar:/Users/ievgeniiagaidarenko/.m2/repository/org/apache/commons/commons-lang3/3.5/commons-lang3-3.5.jar:/Users/ievgeniiagaidarenko/.m2/repository/commons-codec/commons-codec/1.10/commons-codec-1.10.jar:/Users/ievgeniiagaidarenko/.m2/repository/commons-io/commons-io/2.5/commons-io-2.5.jar:/Users/ievgeniiagaidarenko/.m2/repository/commons-logging/commons-logging/1.2/commons-logging-1.2.jar:/Users/ievgeniiagaidarenko/.m2/repository/org/w3c/css/sac/1.3/sac-1.3.jar:/Users/ievgeniiagaidarenko/.m2/repository/net/sourceforge/cssparser/cssparser/0.9.22/cssparser-0.9.22.jar:/Users/ievgeniiagaidarenko/.m2/repository/com/google/code/gson/gson/2.8.0/gson-2.8.0.jar:/Users/ievgeniiagaidarenko/.m2/repository/com/google/guava/guava/21.0/guava-21.0.jar:/Users/ievgeniiagaidarenko/.m2/repository/org/hamcrest/hamcrest-core/1.3/hamcrest-core-1.3.jar:/Users/ievgeniiagaidarenko/.m2/repository/net/sourceforge/htmlunit/htmlunit/2.26/htmlunit-2.26.jar:/Users/ievgeniiagaidarenko/.m2/repository/net/sourceforge/htmlunit/htmlunit-core-js/2.26/htmlunit-core-js-2.26.jar:/Users/ievgeniiagaidarenko/.m2/repository/net/sourceforge/htmlunit/neko-htmlunit/2.25/neko-htmlunit-2.25.jar:/Users/ievgeniiagaidarenko/.m2/repository/org/apache/httpcomponents/httpclient/4.5.3/httpclient-4.5.3.jar:/Users/ievgeniiagaidarenko/.m2/repository/org/apache/httpcomponents/httpcore/4.4.6/httpcore-4.4.6.jar:/Users/ievgeniiagaidarenko/.m2/repository/org/apache/httpcomponents/httpmime/4.5.3/httpmime-4.5.3.jar:/Users/ievgeniiagaidarenko/.m2/repository/org/eclipse/jetty/jetty-io/9.4.1.v20170120/jetty-io-9.4.1.v20170120.jar:/Users/ievgeniiagaidarenko/.m2/repository/org/eclipse/jetty/jetty-util/9.4.1.v20170120/jetty-util-9.4.1.v20170120.jar:/Users/ievgeniiagaidarenko/.m2/repository/net/java/dev/jna/jna/4.1.0/jna-4.1.0.jar:/Users/ievgeniiagaidarenko/.m2/repository/net/java/dev/jna/jna-platform/4.1.0/jna-platform-4.1.0.jar:/Users/ievgeniiagaidarenko/.m2/repository/junit/junit/4.12/junit-4.12.jar:/Users/ievgeniiagaidarenko/.m2/repository/com/codeborne/phantomjsdriver/1.4.0/phantomjsdriver-1.4.0.jar:/Users/ievgeniiagaidarenko/.m2/repository/org/seleniumhq/selenium/htmlunit-driver/2.26/htmlunit-driver-2.26.jar:/Users/ievgeniiagaidarenko/.m2/repository/javax/servlet/javax.servlet-api/3.1.0/javax.servlet-api-3.1.0.jar:/Users/ievgeniiagaidarenko/.m2/repository/org/eclipse/jetty/websocket/websocket-api/9.4.3.v20170317/websocket-api-9.4.3.v20170317.jar:/Users/ievgeniiagaidarenko/.m2/repository/org/eclipse/jetty/websocket/websocket-client/9.4.3.v20170317/websocket-client-9.4.3.v20170317.jar:/Users/ievgeniiagaidarenko/.m2/repository/org/eclipse/jetty/jetty-client/9.4.3.v20170317/jetty-client-9.4.3.v20170317.jar:/Users/ievgeniiagaidarenko/.m2/repository/org/eclipse/jetty/jetty-http/9.4.3.v20170317/jetty-http-9.4.3.v20170317.jar:/Users/ievgeniiagaidarenko/.m2/repository/org/eclipse/jetty/websocket/websocket-common/9.4.3.v20170317/websocket-common-9.4.3.v20170317.jar:/Users/ievgeniiagaidarenko/.m2/repository/xalan/serializer/2.7.2/serializer-2.7.2.jar:/Users/ievgeniiagaidarenko/.m2/repository/xalan/xalan/2.7.2/xalan-2.7.2.jar:/Users/ievgeniiagaidarenko/.m2/repository/xerces/xercesImpl/2.11.0/xercesImpl-2.11.0.jar:/Users/ievgeniiagaidarenko/.m2/repository/xml-apis/xml-apis/1.4.01/xml-apis-1.4.01.jar:/Users/ievgeniiagaidarenko/.m2/repository/org/seleniumhq/selenium/selenium-firefox-driver/3.4.0/selenium-firefox-driver-3.4.0.jar:/Users/ievgeniiagaidarenko/.m2/repository/joda-time/joda-time/2.9.9/joda-time-2.9.9.jar:/Users/ievgeniiagaidarenko/.m2/repository/com/fasterxml/jackson/core/jackson-databind/2.9.8/jackson-databind-2.9.8.jar:/Users/ievgeniiagaidarenko/.m2/repository/com/fasterxml/jackson/core/jackson-annotations/2.9.0/jackson-annotations-2.9.0.jar:/Users/ievgeniiagaidarenko/.m2/repository/com/fasterxml/jackson/core/jackson-core/2.9.8/jackson-core-2.9.8.jar:/Users/ievgeniiagaidarenko/.m2/repository/org/testng/testng/7.0.0/testng-7.0.0.jar:/Users/ievgeniiagaidarenko/.m2/repository/com/beust/jcommander/1.72/jcommander-1.72.jar:/Users/ievgeniiagaidarenko/.m2/repository/com/crossbrowsertesting/CBT_Helper/1.0.0/CBT_Helper-1.0.0.jar:/Users/ievgeniiagaidarenko/.m2/repository/org/json/json/20180130/json-20180130.jar:/Users/ievgeniiagaidarenko/.m2/repository/com/mashape/unirest/unirest-java/1.4.9/unirest-java-1.4.9.jar:/Users/ievgeniiagaidarenko/.m2/repository/org/apache/httpcomponents/httpasyncclient/4.1.1/httpasyncclient-4.1.1.jar:/Users/ievgeniiagaidarenko/.m2/repository/org/apache/httpcomponents/httpcore-nio/4.4.4/httpcore-nio-4.4.4.jar:/Users/ievgeniiagaidarenko/.m2/repository/org/jacoco/jacoco-maven-plugin/0.8.5/jacoco-maven-plugin-0.8.5.jar:/Users/ievgeniiagaidarenko/.m2/repository/org/apache/maven/maven-plugin-api/3.0/maven-plugin-api-3.0.jar:/Users/ievgeniiagaidarenko/.m2/repository/org/apache/maven/maven-model/3.0/maven-model-3.0.jar:/Users/ievgeniiagaidarenko/.m2/repository/org/apache/maven/maven-artifact/3.0/maven-artifact-3.0.jar:/Users/ievgeniiagaidarenko/.m2/repository/org/sonatype/sisu/sisu-inject-plexus/1.4.2/sisu-inject-plexus-1.4.2.jar:/Users/ievgeniiagaidarenko/.m2/repository/org/sonatype/sisu/sisu-inject-bean/1.4.2/sisu-inject-bean-1.4.2.jar:/Users/ievgeniiagaidarenko/.m2/repository/org/sonatype/sisu/sisu-guice/2.1.7/sisu-guice-2.1.7-noaop.jar:/Users/ievgeniiagaidarenko/.m2/repository/org/apache/maven/maven-core/3.0/maven-core-3.0.jar:/Users/ievgeniiagaidarenko/.m2/repository/org/apache/maven/maven-settings/3.0/maven-settings-3.0.jar:/Users/ievgeniiagaidarenko/.m2/repository/org/apache/maven/maven-settings-builder/3.0/maven-settings-builder-3.0.jar:/Users/ievgeniiagaidarenko/.m2/repository/org/apache/maven/maven-repository-metadata/3.0/maven-repository-metadata-3.0.jar:/Users/ievgeniiagaidarenko/.m2/repository/org/apache/maven/maven-model-builder/3.0/maven-model-builder-3.0.jar:/Users/ievgeniiagaidarenko/.m2/repository/org/apache/maven/maven-aether-provider/3.0/maven-aether-provider-3.0.jar:/Users/ievgeniiagaidarenko/.m2/repository/org/sonatype/aether/aether-impl/1.7/aether-impl-1.7.jar:/Users/ievgeniiagaidarenko/.m2/repository/org/sonatype/aether/aether-spi/1.7/aether-spi-1.7.jar:/Users/ievgeniiagaidarenko/.m2/repository/org/sonatype/aether/aether-api/1.7/aether-api-1.7.jar:/Users/ievgeniiagaidarenko/.m2/repository/org/sonatype/aether/aether-util/1.7/aether-util-1.7.jar:/Users/ievgeniiagaidarenko/.m2/repository/org/codehaus/plexus/plexus-interpolation/1.14/plexus-interpolation-1.14.jar:/Users/ievgeniiagaidarenko/.m2/repository/org/codehaus/plexus/plexus-classworlds/2.2.3/plexus-classworlds-2.2.3.jar:/Users/ievgeniiagaidarenko/.m2/repository/org/codehaus/plexus/plexus-component-annotations/1.5.5/plexus-component-annotations-1.5.5.jar:/Users/ievgeniiagaidarenko/.m2/repository/org/sonatype/plexus/plexus-sec-dispatcher/1.3/plexus-sec-dispatcher-1.3.jar:/Users/ievgeniiagaidarenko/.m2/repository/org/sonatype/plexus/plexus-cipher/1.4/plexus-cipher-1.4.jar:/Users/ievgeniiagaidarenko/.m2/repository/org/codehaus/plexus/plexus-utils/3.0.22/plexus-utils-3.0.22.jar:/Users/ievgeniiagaidarenko/.m2/repository/org/apache/maven/shared/file-management/1.2.1/file-management-1.2.1.jar:/Users/ievgeniiagaidarenko/.m2/repository/org/apache/maven/shared/maven-shared-io/1.1/maven-shared-io-1.1.jar:/Users/ievgeniiagaidarenko/.m2/repository/org/apache/maven/maven-artifact-manager/2.0.2/maven-artifact-manager-2.0.2.jar:/Users/ievgeniiagaidarenko/.m2/repository/org/apache/maven/wagon/wagon-provider-api/1.0-alpha-6/wagon-provider-api-1.0-alpha-6.jar:/Users/ievgeniiagaidarenko/.m2/repository/org/codehaus/plexus/plexus-container-default/1.0-alpha-9/plexus-container-default-1.0-alpha-9.jar:/Users/ievgeniiagaidarenko/.m2/repository/classworlds/classworlds/1.1-alpha-2/classworlds-1.1-alpha-2.jar:/Users/ievgeniiagaidarenko/.m2/repository/org/apache/maven/reporting/maven-reporting-api/3.0/maven-reporting-api-3.0.jar:/Users/ievgeniiagaidarenko/.m2/repository/org/apache/maven/doxia/doxia-sink-api/1.0/doxia-sink-api-1.0.jar:/Users/ievgeniiagaidarenko/.m2/repository/org/apache/maven/reporting/maven-reporting-impl/2.1/maven-reporting-impl-2.1.jar:/Users/ievgeniiagaidarenko/.m2/repository/org/apache/maven/maven-project/2.0.10/maven-project-2.0.10.jar:/Users/ievgeniiagaidarenko/.m2/repository/org/apache/maven/maven-profile/2.0.10/maven-profile-2.0.10.jar:/Users/ievgeniiagaidarenko/.m2/repository/org/apache/maven/maven-plugin-registry/2.0.10/maven-plugin-registry-2.0.10.jar:/Users/ievgeniiagaidarenko/.m2/repository/org/apache/maven/doxia/doxia-core/1.1.2/doxia-core-1.1.2.jar:/Users/ievgeniiagaidarenko/.m2/repository/org/apache/maven/doxia/doxia-logging-api/1.1.2/doxia-logging-api-1.1.2.jar:/Users/ievgeniiagaidarenko/.m2/repository/commons-lang/commons-lang/2.4/commons-lang-2.4.jar:/Users/ievgeniiagaidarenko/.m2/repository/commons-httpclient/commons-httpclient/3.1/commons-httpclient-3.1.jar:/Users/ievgeniiagaidarenko/.m2/repository/org/apache/maven/doxia/doxia-site-renderer/1.1.2/doxia-site-renderer-1.1.2.jar:/Users/ievgeniiagaidarenko/.m2/repository/org/apache/maven/doxia/doxia-decoration-model/1.1.2/doxia-decoration-model-1.1.2.jar:/Users/ievgeniiagaidarenko/.m2/repository/org/apache/maven/doxia/doxia-module-xhtml/1.1.2/doxia-module-xhtml-1.1.2.jar:/Users/ievgeniiagaidarenko/.m2/repository/org/apache/maven/doxia/doxia-module-fml/1.1.2/doxia-module-fml-1.1.2.jar:/Users/ievgeniiagaidarenko/.m2/repository/org/codehaus/plexus/plexus-i18n/1.0-beta-7/plexus-i18n-1.0-beta-7.jar:/Users/ievgeniiagaidarenko/.m2/repository/org/codehaus/plexus/plexus-velocity/1.1.7/plexus-velocity-1.1.7.jar:/Users/ievgeniiagaidarenko/.m2/repository/org/apache/velocity/velocity/1.5/velocity-1.5.jar:/Users/ievgeniiagaidarenko/.m2/repository/commons-collections/commons-collections/3.2/commons-collections-3.2.jar:/Users/ievgeniiagaidarenko/.m2/repository/commons-validator/commons-validator/1.2.0/commons-validator-1.2.0.jar:/Users/ievgeniiagaidarenko/.m2/repository/commons-beanutils/commons-beanutils/1.7.0/commons-beanutils-1.7.0.jar:/Users/ievgeniiagaidarenko/.m2/repository/commons-digester/commons-digester/1.6/commons-digester-1.6.jar:/Users/ievgeniiagaidarenko/.m2/repository/oro/oro/2.0.8/oro-2.0.8.jar:/Users/ievgeniiagaidarenko/.m2/repository/org/jacoco/org.jacoco.agent/0.8.5/org.jacoco.agent-0.8.5-runtime.jar:/Users/ievgeniiagaidarenko/.m2/repository/org/jacoco/org.jacoco.core/0.8.5/org.jacoco.core-0.8.5.jar:/Users/ievgeniiagaidarenko/.m2/repository/org/ow2/asm/asm/7.2/asm-7.2.jar:/Users/ievgeniiagaidarenko/.m2/repository/org/ow2/asm/asm-commons/7.2/asm-commons-7.2.jar:/Users/ievgeniiagaidarenko/.m2/repository/org/ow2/asm/asm-analysis/7.2/asm-analysis-7.2.jar:/Users/ievgeniiagaidarenko/.m2/repository/org/ow2/asm/asm-tree/7.2/asm-tree-7.2.jar:/Users/ievgeniiagaidarenko/.m2/repository/org/jacoco/org.jacoco.report/0.8.5/org.jacoco.report-0.8.5.jar:"/>
    <property name="sun.cpu.endian" value="little"/>
    <property name="user.home" value="/Users/ievgeniiagaidarenko"/>
    <property name="user.language" value="en"/>
    <property name="java.specification.vendor" value="Oracle Corporation"/>
    <property name="java.home" value="/Library/Java/JavaVirtualMachines/jdk1.8.0_221.jdk/Contents/Home/jre"/>
    <property name="basedir" value="/Users/ievgeniiagaidarenko/EngagingNetworks/Automation/ENSeleniumJenkins"/>
    <property name="file.separator" value="/"/>
    <property name="line.separator" value="&#10;"/>
    <property name="java.vm.specification.vendor" value="Oracle Corporation"/>
    <property name="java.specification.name" value="Java Platform API Specification"/>
    <property name="java.awt.graphicsenv" value="sun.awt.CGraphicsEnvironment"/>
    <property name="surefire.real.class.path" value="/Users/ievgeniiagaidarenko/EngagingNetworks/Automation/ENSeleniumJenkins/target/surefire/surefirebooter5160598897261500914.jar"/>
    <property name="sun.boot.class.path" value="/Library/Java/JavaVirtualMachines/jdk1.8.0_221.jdk/Contents/Home/jre/lib/resources.jar:/Library/Java/JavaVirtualMachines/jdk1.8.0_221.jdk/Contents/Home/jre/lib/rt.jar:/Library/Java/JavaVirtualMachines/jdk1.8.0_221.jdk/Contents/Home/jre/lib/sunrsasign.jar:/Library/Java/JavaVirtualMachines/jdk1.8.0_221.jdk/Contents/Home/jre/lib/jsse.jar:/Library/Java/JavaVirtualMachines/jdk1.8.0_221.jdk/Contents/Home/jre/lib/jce.jar:/Library/Java/JavaVirtualMachines/jdk1.8.0_221.jdk/Contents/Home/jre/lib/charsets.jar:/Library/Java/JavaVirtualMachines/jdk1.8.0_221.jdk/Contents/Home/jre/lib/jfr.jar:/Library/Java/JavaVirtualMachines/jdk1.8.0_221.jdk/Contents/Home/jre/classes"/>
    <property name="sun.management.compiler" value="HotSpot 64-Bit Tiered Compilers"/>
    <property name="ftp.nonProxyHosts" value="local|*.local|169.254/16|*.169.254/16"/>
    <property name="java.runtime.version" value="1.8.0_221-b11"/>
    <property name="user.name" value="ievgeniiagaidarenko"/>
    <property name="path.separator" value=":"/>
    <property name="os.version" value="10.14.6"/>
    <property name="java.endorsed.dirs" value="/Library/Java/JavaVirtualMachines/jdk1.8.0_221.jdk/Contents/Home/jre/lib/endorsed"/>
    <property name="java.runtime.name" value="Java(TM) SE Runtime Environment"/>
    <property name="file.encoding" value="UTF-8"/>
    <property name="java.vm.name" value="Java HotSpot(TM) 64-Bit Server VM"/>
    <property name="localRepository" value="/Users/ievgeniiagaidarenko/.m2/repository"/>
    <property name="java.vendor.url.bug" value="http://bugreport.sun.com/bugreport/"/>
    <property name="java.io.tmpdir" value="/var/folders/wf/01j5zpjj45dgk1n5rbf0njrm0000gn/T/"/>
    <property name="java.version" value="1.8.0_221"/>
    <property name="user.dir" value="/Users/ievgeniiagaidarenko/EngagingNetworks/Automation/ENSeleniumJenkins"/>
    <property name="os.arch" value="x86_64"/>
    <property name="java.vm.specification.name" value="Java Virtual Machine Specification"/>
    <property name="java.awt.printerjob" value="sun.lwawt.macosx.CPrinterJob"/>
    <property name="sun.os.patch.level" value="unknown"/>
    <property name="java.library.path" value="/Users/ievgeniiagaidarenko/Library/Java/Extensions:/Library/Java/Extensions:/Network/Library/Java/Extensions:/System/Library/Java/Extensions:/usr/lib/java:."/>
    <property name="java.vm.info" value="mixed mode"/>
    <property name="java.vendor" value="Oracle Corporation"/>
    <property name="java.vm.version" value="25.221-b11"/>
    <property name="java.ext.dirs" value="/Users/ievgeniiagaidarenko/Library/Java/Extensions:/Library/Java/JavaVirtualMachines/jdk1.8.0_221.jdk/Contents/Home/jre/lib/ext:/Library/Java/Extensions:/Network/Library/Java/Extensions:/System/Library/Java/Extensions:/usr/lib/java"/>
    <property name="sun.io.unicode.encoding" value="UnicodeBig"/>
    <property name="java.class.version" value="52.0"/>
    <property name="socksNonProxyHosts" value="local|*.local|169.254/16|*.169.254/16"/>
  </properties>
  <testcase name="paysafe3DSingle" classname="com.fnoor.FundraisingTest.Testing" time="25.102">
    <failure message="stale element reference: element is not attached to the page document&#10;  (Session info: chrome=79.0.3945.88)&#10;For documentation on this error, please visit: http://seleniumhq.org/exceptions/stale_element_reference.html&#10;Build info: version: &apos;3.4.0&apos;, revision: &apos;unknown&apos;, time: &apos;unknown&apos;&#10;System info: host: &apos;Ievgeniias-MBP.fios-router.home&apos;, ip: &apos;fe80:0:0:0:ce0:271e:ed66:a84c%en0&apos;, os.name: &apos;Mac OS X&apos;, os.arch: &apos;x86_64&apos;, os.version: &apos;10.14.6&apos;, java.version: &apos;1.8.0_221&apos;&#10;Driver info: org.openqa.selenium.chrome.ChromeDriver&#10;Capabilities [{networkConnectionEnabled=false, chrome={chromedriverVersion=78.0.3904.105 (60e2d8774a8151efa6a00b1f358371b1e0e07ee2-refs/branch-heads/3904@{#877}), userDataDir=/var/folders/wf/01j5zpjj45dgk1n5rbf0njrm0000gn/T/.com.google.Chrome.UM5wBd}, timeouts={implicit=0.0, pageLoad=300000.0, script=30000.0}, pageLoadStrategy=normal, unhandledPromptBehavior=dismiss and notify, strictFileInteractability=false, platform=ANY, proxy=Proxy(), goog:chromeOptions={debuggerAddress=localhost:65348}, acceptInsecureCerts=false, browserVersion=79.0.3945.88, browserName=chrome, javascriptEnabled=true, platformName=mac os x, setWindowRect=true}]&#10;Session ID: 3fe4f44dbbdca90ca4ee32b3f251372b" type="org.openqa.selenium.StaleElementReferenceException">org.openqa.selenium.StaleElementReferenceException: 
stale element reference: element is not attached to the page document
  (Session info: chrome=79.0.3945.88)
For documentation on this error, please visit: http://seleniumhq.org/exceptions/stale_element_reference.html
Build info: version: '3.4.0', revision: 'unknown', time: 'unknown'
System info: host: 'Ievgeniias-MBP.fios-router.home', ip: 'fe80:0:0:0:ce0:271e:ed66:a84c%en0', os.name: 'Mac OS X', os.arch: 'x86_64', os.version: '10.14.6', java.version: '1.8.0_221'
Driver info: org.openqa.selenium.chrome.ChromeDriver
Capabilities [{networkConnectionEnabled=false, chrome={chromedriverVersion=78.0.3904.105 (60e2d8774a8151efa6a00b1f358371b1e0e07ee2-refs/branch-heads/3904@{#877}), userDataDir=/var/folders/wf/01j5zpjj45dgk1n5rbf0njrm0000gn/T/.com.google.Chrome.UM5wBd}, timeouts={implicit=0.0, pageLoad=300000.0, script=30000.0}, pageLoadStrategy=normal, unhandledPromptBehavior=dismiss and notify, strictFileInteractability=false, platform=ANY, proxy=Proxy(), goog:chromeOptions={debuggerAddress=localhost:65348}, acceptInsecureCerts=false, browserVersion=79.0.3945.88, browserName=chrome, javascriptEnabled=true, platformName=mac os x, setWindowRect=true}]
Session ID: 3fe4f44dbbdca90ca4ee32b3f251372b
	at com.fnoor.FundraisingTest.Testing.paysafe3DSingle(Testing.java:131)
</failure>
    <system-out><![CDATA[RESPONSE as String: {"expires":3600000,"ens-auth-token":"076f65d4-aa0d-40ae-91d7-0c9b37cd5c52"}
ens-auth-token: 076f65d4-aa0d-40ae-91d7-0c9b37cd5c52
Frame [[ChromeDriver: chrome on ANY (3fe4f44dbbdca90ca4ee32b3f251372b)] -> tag name: iframe]
Frame1 Cardinal-collector
Frame2 <iframe id="Cardinal-collector" height="0" width="0" frameborder="0" style="display: none; position: absolute; top: -1000px; left: -1000px;"></iframe>
Frame I am here
Final page ID:- 878953
Campaign ID:- 8611
Campaigner ID:- 4764084
TXN ID:- ND8611T2553929111074010112__4b0620da-744d-4d89-b706-91a0dda547e1__CdSh7ZIydQogyKf
TYPE:- CREDIT_SINGLE
CURRENCY:- USD
TAX DEDUCTIBLE:- false
GATEWAY:- Optimal Payments Gateway
PLEDGE AMOUNT:- $0.00
DONATION DATE1:- 2019-12-17
DONATION DATE2:- 12/17/2019
DONATION DATE3:- 12/17/19
ISSUED DATE1:- 2019-12-17
ISSUED DATE2:- {receipt_data~[yyyy-MM-dd]}
ISSUED DATE3:- {receipt_data~[MM/dd/yyyy]}
AMOUNT:- $1.00
REFERRER ID:- {receipt_data~referrerId}
DIRECT MY GIFT:- 
CREDIT CARD TYPE:- TEST: VI
CREDIT CARD EXPIRY:- 12/2020
RECURRING FREQUECY:- 
RECURRING DAY:- 
RECURRING STATUS:- 
OTHER 1: 
OTHER 2: 
OTHER 3: 
OTHER 4: 
GIFT: {receipt_data~inMemrecognizeGift}
TRIBUTE OPTIONS: {receipt_data~inMemtributeOptions}
GIFT REASON: {receipt_data~inMemgiftReason}
HONOREE NAME: {receipt_data~inMemhonoreeName}
INFORM NAME: {receipt_data~inMeminformName}
INFORM EMAIL: {receipt_data~inMeminformEmail}
INFORM ADDRESS 1: {receipt_data~inMeminformAdd1}
INFORM ADDRESS 2: {receipt_data~inMeminformAdd2}
INFORM CITY: {receipt_data~inMeminformCity}
INFORM POSTCODE: {receipt_data~inMeminformPostcode}
INFORM COUNTRY: {receipt_data~inMeminformCountry}
In after class
RESPONSE as String(getSupporterByEmail): {"supporterId":"4764108","suppressed":"false","Title":"Ms","Last Name":"Tester","First Name":"Unit","Email Address":"pb_paysafe3dsingle_2019-12-17@tellamazingstories.com"}
supporterId: 4764108
status: 200
SupporterEmail: pb_paysafe3dsingle_2019-12-17@tellamazingstories.com
Frame [[ChromeDriver: chrome on ANY (3fe4f44dbbdca90ca4ee32b3f251372b)] -> tag name: iframe]
]]></system-out>
    <system-err><![CDATA[Starting ChromeDriver 78.0.3904.105 (60e2d8774a8151efa6a00b1f358371b1e0e07ee2-refs/branch-heads/3904@{#877}) on port 31603
Only local connections are allowed.
Please protect ports used by ChromeDriver and related test frameworks to prevent access by malicious code.
[1576627989.319][WARNING]: This version of ChromeDriver has not been tested with Chrome version 79.
Dec 17, 2019 7:13:09 PM org.openqa.selenium.remote.ProtocolHandshake createSession
INFO: Detected dialect: W3C
Dec 17, 2019 7:13:34 PM org.openqa.selenium.remote.ErrorCodes toStatus
INFO: HTTP Status: '404' -> incorrect JSON status mapping for 'stale element reference' (400 expected)
]]></system-err>
  </testcase>
</testsuite>