<?xml version="1.0" encoding="UTF-8"?>
<!-- Generated by org.testng.reporters.JUnitReportReporter -->
<testsuite skipped="0" hostname="Ievgeniias-MBP.fios-router.home" name="com.fnoor.Standalone.PB_A12_TWT3" tests="1" failures="0" timestamp="2020-08-07T11:10:27 EDT" time="5.301" errors="0">
  <testcase name="multiDB" time="5.301" classname="com.fnoor.Standalone.PB_A12_TWT3"/>
</testsuite> <!-- com.fnoor.Standalone.PB_A12_TWT3 -->
