<?xml version="1.0" encoding="UTF-8"?>
<!-- Generated by org.testng.reporters.JUnitReportReporter -->
<testsuite skipped="0" hostname="Ievgeniias-MBP.fios-router.home" name="com.fnoor.FundraisingTest.WORLDPAY" tests="1" failures="0" timestamp="2020-04-30T16:20:41 EDT" time="9.241" errors="0">
  <testcase name="worldpay3DRecurring" time="9.241" classname="com.fnoor.FundraisingTest.WORLDPAY"/>
</testsuite> <!-- com.fnoor.FundraisingTest.WORLDPAY -->
