<?xml version="1.0" encoding="UTF-8"?>
<!-- Generated by org.testng.reporters.JUnitReportReporter -->
<testsuite skipped="0" hostname="Ievgeniias-MBP.fios-router.home" name="com.fnoor.Standalone.PB_A13_ECS" tests="1" failures="0" timestamp="2020-08-07T11:10:27 EDT" time="6.591" errors="0">
  <testcase name="event" time="6.591" classname="com.fnoor.Standalone.PB_A13_ECS"/>
</testsuite> <!-- com.fnoor.Standalone.PB_A13_ECS -->
