<?xml version="1.0" encoding="UTF-8"?>
<!-- Generated by org.testng.reporters.JUnitReportReporter -->
<testsuite skipped="3" hostname="Ievgeniias-MBP.fios-router.home" name="com.fnoor.FundraisingTest.STRIPE" tests="5" failures="0" timestamp="2020-04-24T12:57:01 EDT" time="145.969" errors="0">
  <testcase name="stripeSingle3D" time="72.478" classname="com.fnoor.FundraisingTest.STRIPE"/>
  <testcase name="stripeRecurring3D" time="73.491" classname="com.fnoor.FundraisingTest.STRIPE"/>
  <testcase name="stripeSingle" classname="com.fnoor.FundraisingTest.STRIPE">
    <skipped/>
  </testcase> <!-- stripeSingle -->
  <testcase name="stripeRecurring" classname="com.fnoor.FundraisingTest.STRIPE">
    <skipped/>
  </testcase> <!-- stripeRecurring -->
  <testcase name="stripeBancontactSingle" classname="com.fnoor.FundraisingTest.STRIPE">
    <skipped/>
  </testcase> <!-- stripeBancontactSingle -->
</testsuite> <!-- com.fnoor.FundraisingTest.STRIPE -->
