<?xml version="1.0" encoding="UTF-8"?>
<!-- Generated by org.testng.reporters.JUnitReportReporter -->
<testsuite skipped="0" hostname="Ievgeniias-MBP.fios-router.home" name="com.fnoor.Standalone.PB_A12_TWT3" tests="1" failures="0" timestamp="2020-08-17T14:02:40 EDT" time="9.194" errors="0">
  <testcase name="multiDB" time="9.194" classname="com.fnoor.Standalone.PB_A12_TWT3"/>
</testsuite> <!-- com.fnoor.Standalone.PB_A12_TWT3 -->
