<?xml version="1.0" encoding="UTF-8"?>
<!-- Generated by org.testng.reporters.JUnitReportReporter -->
<testsuite skipped="0" hostname="Ievgeniias-MBP.fios-router.home" name="com.fnoor.FundraisingTest.PAYPAL" tests="8" failures="0" timestamp="2020-08-10T10:40:08 EDT" time="357.223" errors="0">
  <testcase name="payViaPayPalSingle" time="28.043" classname="com.fnoor.FundraisingTest.PAYPAL"/>
  <testcase name="paypalCardinalComSingle3D" time="76.742" classname="com.fnoor.FundraisingTest.PAYPAL"/>
  <testcase name="paypalCardinalComRecurring3D" time="76.682" classname="com.fnoor.FundraisingTest.PAYPAL"/>
  <testcase name="payViaPayPalRecurring" time="91.046" classname="com.fnoor.FundraisingTest.PAYPAL"/>
  <testcase name="paypalViaPayPalCardinalComSingle3D" time="29.817" classname="com.fnoor.FundraisingTest.PAYPAL"/>
  <testcase name="payPalPaymentsProRecurring" time="15.001" classname="com.fnoor.FundraisingTest.PAYPAL"/>
  <testcase name="paypalPaymentsProSingle" time="12.899" classname="com.fnoor.FundraisingTest.PAYPAL"/>
  <testcase name="stripeViaPaypalSingle" time="26.993" classname="com.fnoor.FundraisingTest.PAYPAL"/>
</testsuite> <!-- com.fnoor.FundraisingTest.PAYPAL -->
