<?xml version="1.0" encoding="UTF-8"?>
<!-- Generated by org.testng.reporters.JUnitReportReporter -->
<testsuite skipped="3" hostname="Ievgeniias-MBP.fios-router.home" name="com.fnoor.FundraisingTest.IATS" tests="5" failures="0" timestamp="2020-04-21T15:40:42 EDT" time="18.494" errors="0">
  <testcase name="iatsSingle" time="10.946" classname="com.fnoor.FundraisingTest.IATS"/>
  <testcase name="IATSRecurring" time="7.548" classname="com.fnoor.FundraisingTest.IATS"/>
  <testcase name="IATSACHRecurring" classname="com.fnoor.FundraisingTest.IATS">
    <skipped/>
  </testcase> <!-- IATSACHRecurring -->
  <testcase name="IATSACHRecurPaymenttypelogic" classname="com.fnoor.FundraisingTest.IATS">
    <skipped/>
  </testcase> <!-- IATSACHRecurPaymenttypelogic -->
  <testcase name="IATSvalidateTransaction" classname="com.fnoor.FundraisingTest.IATS">
    <skipped/>
  </testcase> <!-- IATSvalidateTransaction -->
</testsuite> <!-- com.fnoor.FundraisingTest.IATS -->
