<?xml version="1.0" encoding="UTF-8"?>
<!-- Generated by org.testng.reporters.JUnitReportReporter -->
<testsuite hostname="Ievgeniias-MacBook-Pro.local" failures="0" tests="1" name="com.fnoor.Standalone.PB_A12_TWT3" time="7.465" errors="0" timestamp="2021-02-11T16:26:46 EST" skipped="0">
  <testcase classname="com.fnoor.Standalone.PB_A12_TWT3" name="multiDB" time="7.465"/>
</testsuite> <!-- com.fnoor.Standalone.PB_A12_TWT3 -->
