<?xml version="1.0" encoding="UTF-8"?>
<!-- Generated by org.testng.reporters.JUnitReportReporter -->
<testsuite skipped="0" hostname="Ievgeniias-MBP.fios-router.home" name="com.fnoor.FundraisingTest.VANTIV" tests="5" failures="0" timestamp="2020-06-29T13:36:29 EDT" time="36.739" errors="0">
  <testcase name="vantiveCheck" time="7.632" classname="com.fnoor.FundraisingTest.VANTIV"/>
  <testcase name="vantivRecurringAcheft" time="6.935" classname="com.fnoor.FundraisingTest.VANTIV"/>
  <testcase name="vantivSingle" time="9.715" classname="com.fnoor.FundraisingTest.VANTIV"/>
  <testcase name="vantivRecurring" time="5.804" classname="com.fnoor.FundraisingTest.VANTIV"/>
  <testcase name="vantivSingleAcheft" time="6.653" classname="com.fnoor.FundraisingTest.VANTIV"/>
</testsuite> <!-- com.fnoor.FundraisingTest.VANTIV -->
