<?xml version="1.0" encoding="UTF-8"?>
<!-- Generated by org.testng.reporters.JUnitReportReporter -->
<testsuite skipped="0" hostname="Ievgeniias-MacBook-Pro.local" name="com.fnoor.FundraisingTest.PAYPAL" tests="8" failures="0" timestamp="2020-11-30T16:56:23 EST" time="318.795" errors="0">
  <testcase name="paypalViaPayPalCardinalComSingle3D" time="39.107" classname="com.fnoor.FundraisingTest.PAYPAL"/>
  <testcase name="payViaPayPalRecurring" time="35.347" classname="com.fnoor.FundraisingTest.PAYPAL"/>
  <testcase name="paypalCardinalComSingle3D" time="75.266" classname="com.fnoor.FundraisingTest.PAYPAL"/>
  <testcase name="paypalPaymentsProSingle" time="12.955" classname="com.fnoor.FundraisingTest.PAYPAL"/>
  <testcase name="paypalCardinalComRecurring3D" time="74.435" classname="com.fnoor.FundraisingTest.PAYPAL"/>
  <testcase name="stripeViaPaypalSingle" time="31.153" classname="com.fnoor.FundraisingTest.PAYPAL"/>
  <testcase name="payPalPaymentsProRecurring" time="13.918" classname="com.fnoor.FundraisingTest.PAYPAL"/>
  <testcase name="payViaPayPalSingle" time="36.614" classname="com.fnoor.FundraisingTest.PAYPAL"/>
</testsuite> <!-- com.fnoor.FundraisingTest.PAYPAL -->
