<?xml version="1.0" encoding="UTF-8"?>
<!-- Generated by org.testng.reporters.JUnitReportReporter -->
<testsuite skipped="0" hostname="Ievgeniias-MacBook-Pro.local" name="com.fnoor.FundraisingTest.IATS" tests="1" failures="0" timestamp="2019-12-12T16:18:43 EST" time="6.546" errors="0">
  <testcase name="iatsSingle" time="6.546" classname="com.fnoor.FundraisingTest.IATS"/>
</testsuite> <!-- com.fnoor.FundraisingTest.IATS -->
