<?xml version="1.0" encoding="UTF-8"?>
<!-- Generated by org.testng.reporters.JUnitReportReporter -->
<testsuite skipped="4" hostname="Ievgeniias-MBP.fios-router.home" name="com.fnoor.FundraisingTest.IATS" tests="5" failures="0" timestamp="2020-04-22T18:26:25 EDT" time="13.442" errors="0">
  <testcase name="iatsSingle" time="13.442" classname="com.fnoor.FundraisingTest.IATS"/>
  <testcase name="IATSRecurring" classname="com.fnoor.FundraisingTest.IATS">
    <skipped/>
  </testcase> <!-- IATSRecurring -->
  <testcase name="IATSACHRecurring" classname="com.fnoor.FundraisingTest.IATS">
    <skipped/>
  </testcase> <!-- IATSACHRecurring -->
  <testcase name="IATSACHRecurPaymenttypelogic" classname="com.fnoor.FundraisingTest.IATS">
    <skipped/>
  </testcase> <!-- IATSACHRecurPaymenttypelogic -->
  <testcase name="IATSvalidateTransaction" classname="com.fnoor.FundraisingTest.IATS">
    <skipped/>
  </testcase> <!-- IATSvalidateTransaction -->
</testsuite> <!-- com.fnoor.FundraisingTest.IATS -->
