<?xml version="1.0" encoding="UTF-8"?>
<!-- Generated by org.testng.reporters.JUnitReportReporter -->
<testsuite skipped="0" hostname="Ievgeniias-MBP.fios-router.home" name="com.fnoor.FundraisingTest.STRIPE" tests="5" failures="0" timestamp="2020-06-29T13:29:55 EDT" time="66.163" errors="0">
  <testcase name="stripeSingle3D" time="19.133" classname="com.fnoor.FundraisingTest.STRIPE"/>
  <testcase name="stripeBancontactSingle" time="14.930" classname="com.fnoor.FundraisingTest.STRIPE"/>
  <testcase name="stripeSingle" time="10.771" classname="com.fnoor.FundraisingTest.STRIPE"/>
  <testcase name="stripeRecurring" time="9.561" classname="com.fnoor.FundraisingTest.STRIPE"/>
  <testcase name="stripeRecurring3D" time="11.768" classname="com.fnoor.FundraisingTest.STRIPE"/>
</testsuite> <!-- com.fnoor.FundraisingTest.STRIPE -->
