<?xml version="1.0" encoding="UTF-8"?>
<!-- Generated by org.testng.reporters.JUnitReportReporter -->
<testsuite skipped="0" hostname="Ievgeniias-MBP.fios-router.home" name="com.fnoor.Standalone.PB_A1_PET" tests="1" failures="0" timestamp="2020-08-17T14:02:40 EDT" time="7.325" errors="0">
  <testcase name="petition" time="7.325" classname="com.fnoor.Standalone.PB_A1_PET"/>
</testsuite> <!-- com.fnoor.Standalone.PB_A1_PET -->
