<?xml version="1.0" encoding="UTF-8"?>
<!-- Generated by org.testng.reporters.JUnitReportReporter -->
<testsuite skipped="2" hostname="Ievgeniias-MBP.fios-router.home" name="com.fnoor.FundraisingTest.PAYSAFE" tests="4" failures="0" timestamp="2020-04-24T12:38:12 EDT" time="150.555" errors="0">
  <testcase name="paysafe3DSingle" time="74.396" classname="com.fnoor.FundraisingTest.PAYSAFE"/>
  <testcase name="paysafe3DRecurring" time="76.159" classname="com.fnoor.FundraisingTest.PAYSAFE"/>
  <testcase name="paysafeRecurring" classname="com.fnoor.FundraisingTest.PAYSAFE">
    <skipped/>
  </testcase> <!-- paysafeRecurring -->
  <testcase name="paysafeSingle" classname="com.fnoor.FundraisingTest.PAYSAFE">
    <skipped/>
  </testcase> <!-- paysafeSingle -->
</testsuite> <!-- com.fnoor.FundraisingTest.PAYSAFE -->
