<?xml version="1.0" encoding="UTF-8"?>
<!-- Generated by org.testng.reporters.JUnitReportReporter -->
<testsuite skipped="0" hostname="Ievgeniias-MBP.fios-router.home" name="com.fnoor.FundraisingTest.STRIPE" tests="5" failures="0" timestamp="2020-06-29T12:53:06 EDT" time="65.022" errors="0">
  <testcase name="stripeBancontactSingle" time="15.271" classname="com.fnoor.FundraisingTest.STRIPE"/>
  <testcase name="stripeSingle3D" time="19.399" classname="com.fnoor.FundraisingTest.STRIPE"/>
  <testcase name="stripeSingle" time="10.653" classname="com.fnoor.FundraisingTest.STRIPE"/>
  <testcase name="stripeRecurring" time="8.993" classname="com.fnoor.FundraisingTest.STRIPE"/>
  <testcase name="stripeRecurring3D" time="10.706" classname="com.fnoor.FundraisingTest.STRIPE"/>
</testsuite> <!-- com.fnoor.FundraisingTest.STRIPE -->
