<?xml version="1.0" encoding="UTF-8"?>
<!-- Generated by org.testng.reporters.JUnitReportReporter -->
<testsuite skipped="0" hostname="Ievgeniias-MacBook-Pro.local" name="com.fnoor.FundraisingTest.PAYSAFE" tests="1" failures="0" timestamp="2020-10-07T14:56:16 EDT" time="9.072" errors="0">
  <testcase name="paysafePrimaryPaypalCurrencyCAD" time="9.072" classname="com.fnoor.FundraisingTest.PAYSAFE"/>
</testsuite> <!-- com.fnoor.FundraisingTest.PAYSAFE -->
