<?xml version="1.0" encoding="UTF-8"?>
<!-- Generated by org.testng.reporters.JUnitReportReporter -->
<testsuite skipped="0" hostname="Ievgeniias-MBP.fios-router.home" name="com.fnoor.Standalone.PB_A8_EMS" tests="1" failures="0" timestamp="2020-08-07T11:10:27 EDT" time="5.853" errors="0">
  <testcase name="signUp" time="5.853" classname="com.fnoor.Standalone.PB_A8_EMS"/>
</testsuite> <!-- com.fnoor.Standalone.PB_A8_EMS -->
