<?xml version="1.0" encoding="UTF-8"?>
<!-- Generated by org.testng.reporters.JUnitReportReporter -->
<testsuite skipped="0" hostname="Ievgeniias-MBP.fios-router.home" name="com.fnoor.FundraisingTest.STRIPE" tests="1" failures="0" timestamp="2020-07-20T10:25:32 EDT" time="9.742" errors="0">
  <testcase name="stripeSEPAsingle" time="9.742" classname="com.fnoor.FundraisingTest.STRIPE"/>
</testsuite> <!-- com.fnoor.FundraisingTest.STRIPE -->
