<?xml version="1.0" encoding="UTF-8"?>
<!-- Generated by org.testng.reporters.JUnitReportReporter -->
<testsuite skipped="0" hostname="Ievgeniias-MacBook-Pro.local" name="com.fnoor.FundraisingTest.IATS" tests="1" failures="0" timestamp="2019-12-12T17:57:41 EST" time="8.690" errors="0">
  <testcase name="iatsSingle" time="8.690" classname="com.fnoor.FundraisingTest.IATS"/>
</testsuite> <!-- com.fnoor.FundraisingTest.IATS -->
