<?xml version="1.0" encoding="UTF-8"?>
<!-- Generated by org.testng.reporters.JUnitReportReporter -->
<testsuite skipped="0" hostname="Ievgeniias-MBP.fios-router.home" name="com.fnoor.Standalone.PB_A9_ECF" tests="1" failures="0" timestamp="2020-08-17T14:02:40 EDT" time="5.637" errors="0">
  <testcase name="ecardValidation" time="5.637" classname="com.fnoor.Standalone.PB_A9_ECF"/>
</testsuite> <!-- com.fnoor.Standalone.PB_A9_ECF -->
