<?xml version="1.0" encoding="UTF-8"?>
<!-- Generated by org.testng.reporters.JUnitReportReporter -->
<testsuite skipped="0" hostname="Ievgeniias-MBP.fios-router.home" name="com.fnoor.FundraisingTest.PAYFLOW" tests="1" failures="0" timestamp="2020-04-30T15:02:55 EDT" time="30.480" errors="0">
  <testcase name="payflowProPayViaPaypal" time="30.480" classname="com.fnoor.FundraisingTest.PAYFLOW"/>
</testsuite> <!-- com.fnoor.FundraisingTest.PAYFLOW -->
