<?xml version="1.0" encoding="UTF-8"?>
<!-- Generated by org.testng.reporters.JUnitReportReporter -->
<testsuite skipped="0" hostname="Ievgeniias-MBP.fios-router.home" name="com.fnoor.Standalone.PB_A11_TWT2" tests="1" failures="0" timestamp="2020-08-07T11:10:27 EDT" time="5.271" errors="0">
  <testcase name="singleDB" time="5.271" classname="com.fnoor.Standalone.PB_A11_TWT2"/>
</testsuite> <!-- com.fnoor.Standalone.PB_A11_TWT2 -->
