<?xml version="1.0" encoding="UTF-8"?>
<!-- Generated by org.testng.reporters.JUnitReportReporter -->
<testsuite hostname="iProMacEN.local" failures="0" tests="6" name="com.fnoor.ETT.CustomTarget" time="32.635" errors="0" timestamp="2021-03-05T11:41:02 EST" skipped="0">
  <testcase classname="com.fnoor.ETT.CustomTarget" name="customTarget2" time="3.964"/>
  <testcase classname="com.fnoor.ETT.CustomTarget" name="customTarget6" time="5.839"/>
  <testcase classname="com.fnoor.ETT.CustomTarget" name="customTarget1" time="5.101"/>
  <testcase classname="com.fnoor.ETT.CustomTarget" name="customTarget5" time="5.661"/>
  <testcase classname="com.fnoor.ETT.CustomTarget" name="customTarget3" time="3.741"/>
  <testcase classname="com.fnoor.ETT.CustomTarget" name="customTarget4" time="8.329"/>
</testsuite> <!-- com.fnoor.ETT.CustomTarget -->
