<?xml version="1.0" encoding="UTF-8"?>
<!-- Generated by org.testng.reporters.JUnitReportReporter -->
<testsuite skipped="0" hostname="Ievgeniias-MacBook-Pro.local" name="com.fnoor.FundraisingTest.MONERIS" tests="1" failures="0" timestamp="2020-04-28T20:00:43 EDT" time="10.352" errors="0">
  <testcase name="moneriseSelectRecurring" time="10.352" classname="com.fnoor.FundraisingTest.MONERIS"/>
</testsuite> <!-- com.fnoor.FundraisingTest.MONERIS -->
