<?xml version="1.0" encoding="UTF-8"?>
<!-- Generated by org.testng.reporters.JUnitReportReporter -->
<testsuite skipped="0" hostname="Ievgeniias-MBP.fios-router.home" name="com.fnoor.FundraisingTest.STRIPE" tests="1" failures="0" timestamp="2020-04-30T15:58:59 EDT" time="7.567" errors="0">
  <testcase name="stripeSingle" time="7.567" classname="com.fnoor.FundraisingTest.STRIPE"/>
</testsuite> <!-- com.fnoor.FundraisingTest.STRIPE -->
