<?xml version="1.0" encoding="UTF-8"?>
<!-- Generated by org.testng.reporters.JUnitReportReporter -->
<testsuite hostname="Ievgeniias-MacBook-Pro.local" failures="0" tests="1" name="com.fnoor.Standalone.PB_A4_ETT1" time="7.263" errors="0" timestamp="2021-02-11T16:26:46 EST" skipped="0">
  <testcase classname="com.fnoor.Standalone.PB_A4_ETT1" name="customTarget" time="7.263"/>
</testsuite> <!-- com.fnoor.Standalone.PB_A4_ETT1 -->
