<?xml version="1.0" encoding="UTF-8"?>
<!-- Generated by org.testng.reporters.JUnitReportReporter -->
<testsuite hostname="iProMacEN.local" failures="0" tests="6" name="com.fnoor.ETT.SenateCommittees" time="41.264" errors="0" timestamp="2021-03-05T11:41:02 EST" skipped="1">
  <testcase classname="com.fnoor.ETT.SenateCommittees" name="senateCommmitteesBanking" time="6.162"/>
  <testcase classname="com.fnoor.ETT.SenateCommittees" name="senateCommmitteesCustTarget" time="12.945"/>
  <testcase classname="com.fnoor.ETT.SenateCommittees" name="senateCommmitteesMD" time="8.951"/>
  <testcase classname="com.fnoor.ETT.SenateCommittees" name="senateCommmitteesAK" time="7.120"/>
  <testcase classname="com.fnoor.ETT.SenateCommittees" name="senateCommmitteesFL" time="6.086"/>
  <testcase classname="com.fnoor.ETT.SenateCommittees" name="senateCommmittees25">
    <skipped/>
  </testcase> <!-- senateCommmittees25 -->
</testsuite> <!-- com.fnoor.ETT.SenateCommittees -->
