<?xml version="1.0" encoding="UTF-8"?>
<!-- Generated by org.testng.reporters.JUnitReportReporter -->
<testsuite skipped="0" hostname="Ievgeniias-MBP.fios-router.home" name="com.fnoor.Standalone.PB_A9_ECF" tests="1" failures="0" timestamp="2020-04-30T14:15:33 EDT" time="5.211" errors="0">
  <testcase name="ecardValidation" time="5.211" classname="com.fnoor.Standalone.PB_A9_ECF"/>
</testsuite> <!-- com.fnoor.Standalone.PB_A9_ECF -->
