<?xml version="1.0" encoding="UTF-8"?>
<!-- Generated by org.testng.reporters.JUnitReportReporter -->
<testsuite skipped="0" hostname="Ievgeniias-MBP.fios-router.home" name="com.fnoor.FundraisingTest.PAYFLOW" tests="3" failures="0" timestamp="2020-06-29T15:01:13 EDT" time="45.904" errors="0">
  <testcase name="payflowProPayViaPaypal" time="28.901" classname="com.fnoor.FundraisingTest.PAYFLOW"/>
  <testcase name="payflowProSingle" time="9.157" classname="com.fnoor.FundraisingTest.PAYFLOW"/>
  <testcase name="payflowProRecurring" time="7.846" classname="com.fnoor.FundraisingTest.PAYFLOW"/>
</testsuite> <!-- com.fnoor.FundraisingTest.PAYFLOW -->
