<?xml version="1.0" encoding="UTF-8"?>
<!-- Generated by org.testng.reporters.JUnitReportReporter -->
<testsuite hostname="Ievgeniias-MacBook-Pro.local" failures="0" tests="1" name="com.fnoor.Standalone.PB_A11_TWT2" time="6.739" errors="0" timestamp="2021-02-11T16:26:46 EST" skipped="0">
  <testcase classname="com.fnoor.Standalone.PB_A11_TWT2" name="singleDB" time="6.739"/>
</testsuite> <!-- com.fnoor.Standalone.PB_A11_TWT2 -->
