<?xml version="1.0" encoding="UTF-8"?>
<!-- Generated by org.testng.reporters.JUnitReportReporter -->
<testsuite skipped="2" hostname="Ievgeniias-MBP.fios-router.home" name="com.fnoor.FundraisingTest.PAYFLOW" tests="3" failures="0" timestamp="2020-04-24T09:29:35 EDT" time="100.334" errors="0">
  <testcase name="payflowProPayViaPaypal" time="100.334" classname="com.fnoor.FundraisingTest.PAYFLOW"/>
  <testcase name="payflowProRecurring" classname="com.fnoor.FundraisingTest.PAYFLOW">
    <skipped/>
  </testcase> <!-- payflowProRecurring -->
  <testcase name="payflowProSingle" classname="com.fnoor.FundraisingTest.PAYFLOW">
    <skipped/>
  </testcase> <!-- payflowProSingle -->
</testsuite> <!-- com.fnoor.FundraisingTest.PAYFLOW -->
