<?xml version="1.0" encoding="UTF-8"?>
<!-- Generated by org.testng.reporters.JUnitReportReporter -->
<testsuite skipped="0" hostname="Ievgeniias-MBP.fios-router.home" name="com.fnoor.FundraisingTest.STRIPE" tests="1" failures="0" timestamp="2020-08-07T16:25:14 EDT" time="13.540" errors="0">
  <testcase name="stripeIDEALsingleASNRefund" time="13.540" classname="com.fnoor.FundraisingTest.STRIPE"/>
</testsuite> <!-- com.fnoor.FundraisingTest.STRIPE -->
